{"/home/mophat/Downloads/Projects/fees-management-system/server.js": {"path":"/home/mophat/Downloads/Projects/fees-management-system/server.js","all":false,"statementMap":{"0":{"start":{"line":1,"column":0},"end":{"line":1,"column":52}},"1":{"start":{"line":2,"column":0},"end":{"line":2,"column":55}},"2":{"start":{"line":3,"column":0},"end":{"line":3,"column":48}},"3":{"start":{"line":4,"column":0},"end":{"line":4,"column":30}},"4":{"start":{"line":5,"column":0},"end":{"line":5,"column":22}},"5":{"start":{"line":6,"column":0},"end":{"line":6,"column":0}},"6":{"start":{"line":7,"column":0},"end":{"line":7,"column":16}},"7":{"start":{"line":8,"column":0},"end":{"line":8,"column":40}},"8":{"start":{"line":9,"column":0},"end":{"line":9,"column":0}},"9":{"start":{"line":10,"column":0},"end":{"line":10,"column":39}},"10":{"start":{"line":11,"column":0},"end":{"line":11,"column":0}},"11":{"start":{"line":12,"column":0},"end":{"line":12,"column":38}},"12":{"start":{"line":13,"column":0},"end":{"line":13,"column":23}},"13":{"start":{"line":14,"column":0},"end":{"line":14,"column":51}},"14":{"start":{"line":15,"column":0},"end":{"line":15,"column":3}},"15":{"start":{"line":16,"column":0},"end":{"line":16,"column":0}},"16":{"start":{"line":17,"column":0},"end":{"line":17,"column":19}}},"s":{"0":1,"1":0,"2":1,"3":1,"4":1,"5":1,"6":1,"7":1,"8":1,"9":1,"10":1,"11":1,"12":0,"13":0,"14":1,"15":1,"16":1},"branchMap":{"0":{"type":"branch","line":2,"loc":{"start":{"line":2,"column":0},"end":{"line":2,"column":55}},"locations":[{"start":{"line":2,"column":0},"end":{"line":2,"column":55}}]},"1":{"type":"branch","line":12,"loc":{"start":{"line":12,"column":15},"end":{"line":15,"column":2}},"locations":[{"start":{"line":12,"column":15},"end":{"line":15,"column":2}}]}},"b":{"0":[1],"1":[1]},"fnMap":{"0":{"name":"asyncGeneratorStep","decl":{"start":{"line":2,"column":0},"end":{"line":2,"column":55}},"loc":{"start":{"line":2,"column":0},"end":{"line":2,"column":55}},"line":2},"1":{"name":"_asyncToGenerator","decl":{"start":{"line":2,"column":0},"end":{"line":2,"column":55}},"loc":{"start":{"line":2,"column":0},"end":{"line":2,"column":55}},"line":2},"2":{"name":"_callee","decl":{"start":{"line":12,"column":17},"end":{"line":14,"column":51}},"loc":{"start":{"line":12,"column":17},"end":{"line":14,"column":51}},"line":12}},"f":{"0":0,"1":1,"2":0}}
,"/home/mophat/Downloads/Projects/fees-management-system/controllers/student.controller.js": {"path":"/home/mophat/Downloads/Projects/fees-management-system/controllers/student.controller.js","all":false,"statementMap":{"0":{"start":{"line":1,"column":0},"end":{"line":1,"column":40}},"1":{"start":{"line":2,"column":0},"end":{"line":2,"column":25}},"2":{"start":{"line":3,"column":0},"end":{"line":3,"column":25}},"3":{"start":{"line":4,"column":0},"end":{"line":4,"column":23}},"4":{"start":{"line":5,"column":0},"end":{"line":5,"column":0}},"5":{"start":{"line":6,"column":0},"end":{"line":6,"column":0}},"6":{"start":{"line":7,"column":0},"end":{"line":7,"column":0}},"7":{"start":{"line":8,"column":0},"end":{"line":8,"column":0}},"8":{"start":{"line":9,"column":0},"end":{"line":9,"column":39}},"9":{"start":{"line":10,"column":0},"end":{"line":10,"column":9}},"10":{"start":{"line":11,"column":0},"end":{"line":11,"column":0}},"11":{"start":{"line":12,"column":0},"end":{"line":12,"column":23}},"12":{"start":{"line":13,"column":0},"end":{"line":13,"column":0}},"13":{"start":{"line":14,"column":0},"end":{"line":14,"column":65}},"14":{"start":{"line":15,"column":0},"end":{"line":15,"column":55}},"15":{"start":{"line":16,"column":0},"end":{"line":16,"column":89}},"16":{"start":{"line":17,"column":0},"end":{"line":17,"column":9}},"17":{"start":{"line":18,"column":0},"end":{"line":18,"column":0}},"18":{"start":{"line":19,"column":0},"end":{"line":19,"column":45}},"19":{"start":{"line":20,"column":0},"end":{"line":20,"column":0}},"20":{"start":{"line":21,"column":0},"end":{"line":21,"column":76}},"21":{"start":{"line":22,"column":0},"end":{"line":22,"column":0}},"22":{"start":{"line":23,"column":0},"end":{"line":23,"column":37}},"23":{"start":{"line":24,"column":0},"end":{"line":24,"column":76}},"24":{"start":{"line":25,"column":0},"end":{"line":25,"column":14}},"25":{"start":{"line":26,"column":0},"end":{"line":26,"column":67}},"26":{"start":{"line":27,"column":0},"end":{"line":27,"column":9}},"27":{"start":{"line":28,"column":0},"end":{"line":28,"column":8}},"28":{"start":{"line":29,"column":0},"end":{"line":29,"column":21}},"29":{"start":{"line":30,"column":0},"end":{"line":30,"column":26}},"30":{"start":{"line":31,"column":0},"end":{"line":31,"column":60}},"31":{"start":{"line":32,"column":0},"end":{"line":32,"column":5}},"32":{"start":{"line":33,"column":0},"end":{"line":33,"column":0}},"33":{"start":{"line":34,"column":0},"end":{"line":34,"column":1}},"34":{"start":{"line":35,"column":0},"end":{"line":35,"column":0}},"35":{"start":{"line":36,"column":0},"end":{"line":36,"column":0}},"36":{"start":{"line":37,"column":0},"end":{"line":37,"column":41}},"37":{"start":{"line":38,"column":0},"end":{"line":38,"column":5}},"38":{"start":{"line":39,"column":0},"end":{"line":39,"column":0}},"39":{"start":{"line":40,"column":0},"end":{"line":40,"column":61}},"40":{"start":{"line":41,"column":0},"end":{"line":41,"column":35}},"41":{"start":{"line":42,"column":0},"end":{"line":42,"column":64}},"42":{"start":{"line":43,"column":0},"end":{"line":43,"column":10}},"43":{"start":{"line":44,"column":0},"end":{"line":44,"column":63}},"44":{"start":{"line":45,"column":0},"end":{"line":45,"column":5}},"45":{"start":{"line":46,"column":0},"end":{"line":46,"column":4}},"46":{"start":{"line":47,"column":0},"end":{"line":47,"column":17}},"47":{"start":{"line":48,"column":0},"end":{"line":48,"column":56}},"48":{"start":{"line":49,"column":0},"end":{"line":49,"column":1}},"49":{"start":{"line":50,"column":0},"end":{"line":50,"column":0}},"50":{"start":{"line":51,"column":0},"end":{"line":51,"column":1}},"51":{"start":{"line":52,"column":0},"end":{"line":52,"column":0}},"52":{"start":{"line":53,"column":0},"end":{"line":53,"column":45}},"53":{"start":{"line":54,"column":0},"end":{"line":54,"column":9}},"54":{"start":{"line":55,"column":0},"end":{"line":55,"column":31}},"55":{"start":{"line":56,"column":0},"end":{"line":56,"column":71}},"56":{"start":{"line":57,"column":0},"end":{"line":57,"column":0}},"57":{"start":{"line":58,"column":0},"end":{"line":58,"column":38}},"58":{"start":{"line":59,"column":0},"end":{"line":59,"column":70}},"59":{"start":{"line":60,"column":0},"end":{"line":60,"column":14}},"60":{"start":{"line":61,"column":0},"end":{"line":61,"column":67}},"61":{"start":{"line":62,"column":0},"end":{"line":62,"column":9}},"62":{"start":{"line":63,"column":0},"end":{"line":63,"column":8}},"63":{"start":{"line":64,"column":0},"end":{"line":64,"column":21}},"64":{"start":{"line":65,"column":0},"end":{"line":65,"column":26}},"65":{"start":{"line":66,"column":0},"end":{"line":66,"column":65}},"66":{"start":{"line":67,"column":0},"end":{"line":67,"column":5}},"67":{"start":{"line":68,"column":0},"end":{"line":68,"column":0}},"68":{"start":{"line":69,"column":0},"end":{"line":69,"column":1}},"69":{"start":{"line":70,"column":0},"end":{"line":70,"column":0}},"70":{"start":{"line":71,"column":0},"end":{"line":71,"column":46}},"71":{"start":{"line":72,"column":0},"end":{"line":72,"column":9}},"72":{"start":{"line":73,"column":0},"end":{"line":73,"column":31}},"73":{"start":{"line":74,"column":0},"end":{"line":74,"column":37}},"74":{"start":{"line":75,"column":0},"end":{"line":75,"column":0}},"75":{"start":{"line":76,"column":0},"end":{"line":76,"column":95}},"76":{"start":{"line":77,"column":0},"end":{"line":77,"column":27}},"77":{"start":{"line":78,"column":0},"end":{"line":78,"column":37}},"78":{"start":{"line":79,"column":0},"end":{"line":79,"column":83}},"79":{"start":{"line":80,"column":0},"end":{"line":80,"column":14}},"80":{"start":{"line":81,"column":0},"end":{"line":81,"column":74}},"81":{"start":{"line":82,"column":0},"end":{"line":82,"column":9}},"82":{"start":{"line":83,"column":0},"end":{"line":83,"column":8}},"83":{"start":{"line":84,"column":0},"end":{"line":84,"column":21}},"84":{"start":{"line":85,"column":0},"end":{"line":85,"column":26}},"85":{"start":{"line":86,"column":0},"end":{"line":86,"column":57}},"86":{"start":{"line":87,"column":0},"end":{"line":87,"column":5}},"87":{"start":{"line":88,"column":0},"end":{"line":88,"column":1}},"88":{"start":{"line":89,"column":0},"end":{"line":89,"column":0}},"89":{"start":{"line":90,"column":0},"end":{"line":90,"column":42}},"90":{"start":{"line":91,"column":0},"end":{"line":91,"column":9}},"91":{"start":{"line":92,"column":0},"end":{"line":92,"column":0}},"92":{"start":{"line":93,"column":0},"end":{"line":93,"column":31}},"93":{"start":{"line":94,"column":0},"end":{"line":94,"column":0}},"94":{"start":{"line":95,"column":0},"end":{"line":95,"column":72}},"95":{"start":{"line":96,"column":0},"end":{"line":96,"column":37}},"96":{"start":{"line":97,"column":0},"end":{"line":97,"column":78}},"97":{"start":{"line":98,"column":0},"end":{"line":98,"column":14}},"98":{"start":{"line":99,"column":0},"end":{"line":99,"column":85}},"99":{"start":{"line":100,"column":0},"end":{"line":100,"column":9}},"100":{"start":{"line":101,"column":0},"end":{"line":101,"column":8}},"101":{"start":{"line":102,"column":0},"end":{"line":102,"column":21}},"102":{"start":{"line":103,"column":0},"end":{"line":103,"column":26}},"103":{"start":{"line":104,"column":0},"end":{"line":104,"column":57}},"104":{"start":{"line":105,"column":0},"end":{"line":105,"column":8}},"105":{"start":{"line":106,"column":0},"end":{"line":106,"column":5}},"106":{"start":{"line":107,"column":0},"end":{"line":107,"column":1}},"107":{"start":{"line":108,"column":0},"end":{"line":108,"column":0}},"108":{"start":{"line":109,"column":0},"end":{"line":109,"column":88}}},"s":{"0":1,"1":1,"2":1,"3":1,"4":1,"5":1,"6":1,"7":1,"8":1,"9":1,"10":1,"11":1,"12":1,"13":1,"14":1,"15":0,"16":1,"17":1,"18":1,"19":1,"20":1,"21":0,"22":0,"23":0,"24":0,"25":0,"26":1,"27":1,"28":1,"29":1,"30":1,"31":1,"32":1,"33":1,"34":1,"35":1,"36":1,"37":1,"38":1,"39":1,"40":1,"41":1,"42":0,"43":0,"44":0,"45":0,"46":0,"47":0,"48":1,"49":1,"50":1,"51":1,"52":1,"53":2,"54":2,"55":2,"56":2,"57":2,"58":1,"59":1,"60":1,"61":0,"62":0,"63":0,"64":0,"65":0,"66":1,"67":1,"68":1,"69":1,"70":1,"71":1,"72":1,"73":1,"74":1,"75":1,"76":1,"77":1,"78":1,"79":0,"80":0,"81":0,"82":0,"83":0,"84":0,"85":0,"86":1,"87":1,"88":1,"89":1,"90":2,"91":2,"92":2,"93":2,"94":2,"95":2,"96":1,"97":1,"98":1,"99":0,"100":0,"101":0,"102":0,"103":0,"104":1,"105":1,"106":1,"107":1,"108":1},"branchMap":{"0":{"type":"branch","line":2,"loc":{"start":{"line":2,"column":0},"end":{"line":2,"column":25}},"locations":[{"start":{"line":2,"column":0},"end":{"line":2,"column":25}}]},"1":{"type":"branch","line":2,"loc":{"start":{"line":2,"column":0},"end":{"line":2,"column":25}},"locations":[{"start":{"line":2,"column":0},"end":{"line":2,"column":25}}]},"2":{"type":"branch","line":2,"loc":{"start":{"line":2,"column":0},"end":{"line":2,"column":25}},"locations":[{"start":{"line":2,"column":0},"end":{"line":2,"column":25}}]},"3":{"type":"branch","line":2,"loc":{"start":{"line":2,"column":0},"end":{"line":2,"column":25}},"locations":[{"start":{"line":2,"column":0},"end":{"line":2,"column":25}}]},"4":{"type":"branch","line":2,"loc":{"start":{"line":2,"column":0},"end":{"line":2,"column":25}},"locations":[{"start":{"line":2,"column":0},"end":{"line":2,"column":25}}]},"5":{"type":"branch","line":2,"loc":{"start":{"line":2,"column":0},"end":{"line":2,"column":25}},"locations":[{"start":{"line":2,"column":0},"end":{"line":2,"column":25}}]},"6":{"type":"branch","line":2,"loc":{"start":{"line":2,"column":0},"end":{"line":2,"column":25}},"locations":[{"start":{"line":2,"column":0},"end":{"line":2,"column":25}}]},"7":{"type":"branch","line":2,"loc":{"start":{"line":2,"column":0},"end":{"line":2,"column":25}},"locations":[{"start":{"line":2,"column":0},"end":{"line":2,"column":25}}]},"8":{"type":"branch","line":2,"loc":{"start":{"line":2,"column":0},"end":{"line":2,"column":25}},"locations":[{"start":{"line":2,"column":0},"end":{"line":2,"column":25}}]},"9":{"type":"branch","line":2,"loc":{"start":{"line":2,"column":0},"end":{"line":2,"column":25}},"locations":[{"start":{"line":2,"column":0},"end":{"line":2,"column":25}}]},"10":{"type":"branch","line":2,"loc":{"start":{"line":2,"column":0},"end":{"line":2,"column":25}},"locations":[{"start":{"line":2,"column":0},"end":{"line":2,"column":25}}]},"11":{"type":"branch","line":2,"loc":{"start":{"line":2,"column":0},"end":{"line":2,"column":25}},"locations":[{"start":{"line":2,"column":0},"end":{"line":2,"column":25}}]},"12":{"type":"branch","line":2,"loc":{"start":{"line":2,"column":0},"end":{"line":2,"column":25}},"locations":[{"start":{"line":2,"column":0},"end":{"line":2,"column":25}}]},"13":{"type":"branch","line":2,"loc":{"start":{"line":2,"column":0},"end":{"line":2,"column":25}},"locations":[{"start":{"line":2,"column":0},"end":{"line":2,"column":25}}]},"14":{"type":"branch","line":2,"loc":{"start":{"line":2,"column":0},"end":{"line":2,"column":25}},"locations":[{"start":{"line":2,"column":0},"end":{"line":2,"column":25}}]},"15":{"type":"branch","line":2,"loc":{"start":{"line":2,"column":0},"end":{"line":2,"column":25}},"locations":[{"start":{"line":2,"column":0},"end":{"line":2,"column":25}}]},"16":{"type":"branch","line":2,"loc":{"start":{"line":2,"column":0},"end":{"line":2,"column":25}},"locations":[{"start":{"line":2,"column":0},"end":{"line":2,"column":25}}]},"17":{"type":"branch","line":2,"loc":{"start":{"line":2,"column":0},"end":{"line":2,"column":25}},"locations":[{"start":{"line":2,"column":0},"end":{"line":2,"column":25}}]},"18":{"type":"branch","line":2,"loc":{"start":{"line":2,"column":0},"end":{"line":2,"column":25}},"locations":[{"start":{"line":2,"column":0},"end":{"line":2,"column":25}}]},"19":{"type":"branch","line":2,"loc":{"start":{"line":2,"column":0},"end":{"line":2,"column":25}},"locations":[{"start":{"line":2,"column":0},"end":{"line":2,"column":25}}]},"20":{"type":"branch","line":2,"loc":{"start":{"line":2,"column":0},"end":{"line":2,"column":25}},"locations":[{"start":{"line":2,"column":0},"end":{"line":2,"column":25}}]},"21":{"type":"branch","line":2,"loc":{"start":{"line":2,"column":0},"end":{"line":2,"column":25}},"locations":[{"start":{"line":2,"column":0},"end":{"line":2,"column":25}}]},"22":{"type":"branch","line":2,"loc":{"start":{"line":2,"column":0},"end":{"line":2,"column":25}},"locations":[{"start":{"line":2,"column":0},"end":{"line":2,"column":25}}]},"23":{"type":"branch","line":2,"loc":{"start":{"line":2,"column":0},"end":{"line":2,"column":25}},"locations":[{"start":{"line":2,"column":0},"end":{"line":2,"column":25}}]},"24":{"type":"branch","line":9,"loc":{"start":{"line":9,"column":16},"end":{"line":9,"column":19}},"locations":[{"start":{"line":9,"column":16},"end":{"line":9,"column":19}}]},"25":{"type":"branch","line":9,"loc":{"start":{"line":9,"column":19},"end":{"line":31,"column":60}},"locations":[{"start":{"line":9,"column":19},"end":{"line":31,"column":60}}]},"26":{"type":"branch","line":9,"loc":{"start":{"line":9,"column":35},"end":{"line":31,"column":60}},"locations":[{"start":{"line":9,"column":35},"end":{"line":31,"column":60}}]},"27":{"type":"branch","line":9,"loc":{"start":{"line":9,"column":35},"end":{"line":31,"column":60}},"locations":[{"start":{"line":9,"column":35},"end":{"line":31,"column":60}}]},"28":{"type":"branch","line":9,"loc":{"start":{"line":9,"column":35},"end":{"line":16,"column":89}},"locations":[{"start":{"line":9,"column":35},"end":{"line":16,"column":89}}]},"29":{"type":"branch","line":15,"loc":{"start":{"line":15,"column":53},"end":{"line":16,"column":89}},"locations":[{"start":{"line":15,"column":53},"end":{"line":16,"column":89}}]},"30":{"type":"branch","line":17,"loc":{"start":{"line":17,"column":-1},"end":{"line":21,"column":76}},"locations":[{"start":{"line":17,"column":-1},"end":{"line":21,"column":76}}]},"31":{"type":"branch","line":22,"loc":{"start":{"line":22,"column":-1},"end":{"line":24,"column":76}},"locations":[{"start":{"line":22,"column":-1},"end":{"line":24,"column":76}}]},"32":{"type":"branch","line":25,"loc":{"start":{"line":25,"column":-1},"end":{"line":26,"column":67}},"locations":[{"start":{"line":25,"column":-1},"end":{"line":26,"column":67}}]},"33":{"type":"branch","line":27,"loc":{"start":{"line":27,"column":-1},"end":{"line":31,"column":60}},"locations":[{"start":{"line":27,"column":-1},"end":{"line":31,"column":60}}]},"34":{"type":"branch","line":31,"loc":{"start":{"line":31,"column":57},"end":{"line":31,"column":60}},"locations":[{"start":{"line":31,"column":57},"end":{"line":31,"column":60}}]},"35":{"type":"branch","line":31,"loc":{"start":{"line":31,"column":57},"end":{"line":31,"column":60}},"locations":[{"start":{"line":31,"column":57},"end":{"line":31,"column":60}}]},"36":{"type":"branch","line":37,"loc":{"start":{"line":37,"column":19},"end":{"line":37,"column":22}},"locations":[{"start":{"line":37,"column":19},"end":{"line":37,"column":22}}]},"37":{"type":"branch","line":37,"loc":{"start":{"line":37,"column":22},"end":{"line":48,"column":56}},"locations":[{"start":{"line":37,"column":22},"end":{"line":48,"column":56}}]},"38":{"type":"branch","line":37,"loc":{"start":{"line":37,"column":37},"end":{"line":48,"column":56}},"locations":[{"start":{"line":37,"column":37},"end":{"line":48,"column":56}}]},"39":{"type":"branch","line":37,"loc":{"start":{"line":37,"column":37},"end":{"line":40,"column":61}},"locations":[{"start":{"line":37,"column":37},"end":{"line":40,"column":61}}]},"40":{"type":"branch","line":41,"loc":{"start":{"line":41,"column":-1},"end":{"line":42,"column":64}},"locations":[{"start":{"line":41,"column":-1},"end":{"line":42,"column":64}}]},"41":{"type":"branch","line":41,"loc":{"start":{"line":41,"column":13},"end":{"line":41,"column":15}},"locations":[{"start":{"line":41,"column":13},"end":{"line":41,"column":15}}]},"42":{"type":"branch","line":41,"loc":{"start":{"line":41,"column":33},"end":{"line":41,"column":35}},"locations":[{"start":{"line":41,"column":33},"end":{"line":41,"column":35}}]},"43":{"type":"branch","line":43,"loc":{"start":{"line":43,"column":-1},"end":{"line":44,"column":63}},"locations":[{"start":{"line":43,"column":-1},"end":{"line":44,"column":63}}]},"44":{"type":"branch","line":45,"loc":{"start":{"line":45,"column":-1},"end":{"line":48,"column":56}},"locations":[{"start":{"line":45,"column":-1},"end":{"line":48,"column":56}}]},"45":{"type":"branch","line":48,"loc":{"start":{"line":48,"column":53},"end":{"line":48,"column":56}},"locations":[{"start":{"line":48,"column":53},"end":{"line":48,"column":56}}]},"46":{"type":"branch","line":48,"loc":{"start":{"line":48,"column":53},"end":{"line":48,"column":56}},"locations":[{"start":{"line":48,"column":53},"end":{"line":48,"column":56}}]},"47":{"type":"branch","line":53,"loc":{"start":{"line":53,"column":21},"end":{"line":53,"column":24}},"locations":[{"start":{"line":53,"column":21},"end":{"line":53,"column":24}}]},"48":{"type":"branch","line":53,"loc":{"start":{"line":53,"column":24},"end":{"line":66,"column":65}},"locations":[{"start":{"line":53,"column":24},"end":{"line":66,"column":65}}]},"49":{"type":"branch","line":53,"loc":{"start":{"line":53,"column":41},"end":{"line":66,"column":65}},"locations":[{"start":{"line":53,"column":41},"end":{"line":66,"column":65}}]},"50":{"type":"branch","line":53,"loc":{"start":{"line":53,"column":41},"end":{"line":66,"column":65}},"locations":[{"start":{"line":53,"column":41},"end":{"line":66,"column":65}}]},"51":{"type":"branch","line":53,"loc":{"start":{"line":53,"column":41},"end":{"line":56,"column":71}},"locations":[{"start":{"line":53,"column":41},"end":{"line":56,"column":71}}]},"52":{"type":"branch","line":57,"loc":{"start":{"line":57,"column":-1},"end":{"line":59,"column":70}},"locations":[{"start":{"line":57,"column":-1},"end":{"line":59,"column":70}}]},"53":{"type":"branch","line":58,"loc":{"start":{"line":58,"column":36},"end":{"line":59,"column":70}},"locations":[{"start":{"line":58,"column":36},"end":{"line":59,"column":70}}]},"54":{"type":"branch","line":60,"loc":{"start":{"line":60,"column":-1},"end":{"line":61,"column":67}},"locations":[{"start":{"line":60,"column":-1},"end":{"line":61,"column":67}}]},"55":{"type":"branch","line":62,"loc":{"start":{"line":62,"column":-1},"end":{"line":66,"column":65}},"locations":[{"start":{"line":62,"column":-1},"end":{"line":66,"column":65}}]},"56":{"type":"branch","line":66,"loc":{"start":{"line":66,"column":57},"end":{"line":66,"column":65}},"locations":[{"start":{"line":66,"column":57},"end":{"line":66,"column":65}}]},"57":{"type":"branch","line":66,"loc":{"start":{"line":66,"column":57},"end":{"line":66,"column":65}},"locations":[{"start":{"line":66,"column":57},"end":{"line":66,"column":65}}]},"58":{"type":"branch","line":71,"loc":{"start":{"line":71,"column":23},"end":{"line":71,"column":26}},"locations":[{"start":{"line":71,"column":23},"end":{"line":71,"column":26}}]},"59":{"type":"branch","line":71,"loc":{"start":{"line":71,"column":26},"end":{"line":86,"column":57}},"locations":[{"start":{"line":71,"column":26},"end":{"line":86,"column":57}}]},"60":{"type":"branch","line":71,"loc":{"start":{"line":71,"column":42},"end":{"line":86,"column":57}},"locations":[{"start":{"line":71,"column":42},"end":{"line":86,"column":57}}]},"61":{"type":"branch","line":71,"loc":{"start":{"line":71,"column":42},"end":{"line":76,"column":95}},"locations":[{"start":{"line":71,"column":42},"end":{"line":76,"column":95}}]},"62":{"type":"branch","line":77,"loc":{"start":{"line":77,"column":-1},"end":{"line":79,"column":83}},"locations":[{"start":{"line":77,"column":-1},"end":{"line":79,"column":83}}]},"63":{"type":"branch","line":78,"loc":{"start":{"line":78,"column":35},"end":{"line":78,"column":37}},"locations":[{"start":{"line":78,"column":35},"end":{"line":78,"column":37}}]},"64":{"type":"branch","line":80,"loc":{"start":{"line":80,"column":-1},"end":{"line":81,"column":74}},"locations":[{"start":{"line":80,"column":-1},"end":{"line":81,"column":74}}]},"65":{"type":"branch","line":82,"loc":{"start":{"line":82,"column":-1},"end":{"line":86,"column":57}},"locations":[{"start":{"line":82,"column":-1},"end":{"line":86,"column":57}}]},"66":{"type":"branch","line":90,"loc":{"start":{"line":90,"column":19},"end":{"line":90,"column":22}},"locations":[{"start":{"line":90,"column":19},"end":{"line":90,"column":22}}]},"67":{"type":"branch","line":90,"loc":{"start":{"line":90,"column":22},"end":{"line":104,"column":57}},"locations":[{"start":{"line":90,"column":22},"end":{"line":104,"column":57}}]},"68":{"type":"branch","line":90,"loc":{"start":{"line":90,"column":38},"end":{"line":104,"column":57}},"locations":[{"start":{"line":90,"column":38},"end":{"line":104,"column":57}}]},"69":{"type":"branch","line":90,"loc":{"start":{"line":90,"column":38},"end":{"line":104,"column":57}},"locations":[{"start":{"line":90,"column":38},"end":{"line":104,"column":57}}]},"70":{"type":"branch","line":90,"loc":{"start":{"line":90,"column":38},"end":{"line":95,"column":72}},"locations":[{"start":{"line":90,"column":38},"end":{"line":95,"column":72}}]},"71":{"type":"branch","line":96,"loc":{"start":{"line":96,"column":-1},"end":{"line":97,"column":78}},"locations":[{"start":{"line":96,"column":-1},"end":{"line":97,"column":78}}]},"72":{"type":"branch","line":96,"loc":{"start":{"line":96,"column":35},"end":{"line":97,"column":78}},"locations":[{"start":{"line":96,"column":35},"end":{"line":97,"column":78}}]},"73":{"type":"branch","line":98,"loc":{"start":{"line":98,"column":-1},"end":{"line":99,"column":85}},"locations":[{"start":{"line":98,"column":-1},"end":{"line":99,"column":85}}]},"74":{"type":"branch","line":100,"loc":{"start":{"line":100,"column":-1},"end":{"line":104,"column":57}},"locations":[{"start":{"line":100,"column":-1},"end":{"line":104,"column":57}}]}},"b":{"0":[2],"1":[2],"2":[3],"3":[0],"4":[2],"5":[1],"6":[0],"7":[3],"8":[3],"9":[0],"10":[3],"11":[0],"12":[3],"13":[0],"14":[0],"15":[0],"16":[14],"17":[0],"18":[7],"19":[5],"20":[7],"21":[7],"22":[13],"23":[1],"24":[1],"25":[1],"26":[3],"27":[4],"28":[1],"29":[0],"30":[1],"31":[0],"32":[0],"33":[1],"34":[0],"35":[1],"36":[1],"37":[1],"38":[3],"39":[1],"40":[1],"41":[0],"42":[0],"43":[0],"44":[0],"45":[0],"46":[1],"47":[1],"48":[2],"49":[6],"50":[7],"51":[2],"52":[2],"53":[1],"54":[1],"55":[0],"56":[0],"57":[2],"58":[1],"59":[1],"60":[3],"61":[1],"62":[1],"63":[0],"64":[0],"65":[0],"66":[1],"67":[2],"68":[6],"69":[7],"70":[2],"71":[2],"72":[1],"73":[1],"74":[0]},"fnMap":{"0":{"name":"ownKeys","decl":{"start":{"line":2,"column":0},"end":{"line":2,"column":25}},"loc":{"start":{"line":2,"column":0},"end":{"line":2,"column":25}},"line":2},"1":{"name":"_objectSpread","decl":{"start":{"line":2,"column":0},"end":{"line":2,"column":25}},"loc":{"start":{"line":2,"column":0},"end":{"line":2,"column":25}},"line":2},"2":{"name":"_defineProperty","decl":{"start":{"line":2,"column":0},"end":{"line":2,"column":25}},"loc":{"start":{"line":2,"column":0},"end":{"line":2,"column":25}},"line":2},"3":{"name":"_toPropertyKey","decl":{"start":{"line":2,"column":0},"end":{"line":2,"column":25}},"loc":{"start":{"line":2,"column":0},"end":{"line":2,"column":25}},"line":2},"4":{"name":"_toPrimitive","decl":{"start":{"line":2,"column":0},"end":{"line":2,"column":25}},"loc":{"start":{"line":2,"column":0},"end":{"line":2,"column":25}},"line":2},"5":{"name":"asyncGeneratorStep","decl":{"start":{"line":2,"column":0},"end":{"line":2,"column":25}},"loc":{"start":{"line":2,"column":0},"end":{"line":2,"column":25}},"line":2},"6":{"name":"_asyncToGenerator","decl":{"start":{"line":2,"column":0},"end":{"line":2,"column":25}},"loc":{"start":{"line":2,"column":0},"end":{"line":2,"column":25}},"line":2},"7":{"name":"_next","decl":{"start":{"line":2,"column":0},"end":{"line":2,"column":25}},"loc":{"start":{"line":2,"column":0},"end":{"line":2,"column":25}},"line":2},"8":{"name":"_throw","decl":{"start":{"line":2,"column":0},"end":{"line":2,"column":25}},"loc":{"start":{"line":2,"column":0},"end":{"line":2,"column":25}},"line":2},"9":{"name":"_callee","decl":{"start":{"line":9,"column":19},"end":{"line":31,"column":60}},"loc":{"start":{"line":9,"column":19},"end":{"line":31,"column":60}},"line":9},"10":{"name":"_callee$","decl":{"start":{"line":9,"column":35},"end":{"line":31,"column":60}},"loc":{"start":{"line":9,"column":35},"end":{"line":31,"column":60}},"line":9},"11":{"name":"_callee2","decl":{"start":{"line":37,"column":22},"end":{"line":48,"column":56}},"loc":{"start":{"line":37,"column":22},"end":{"line":48,"column":56}},"line":37},"12":{"name":"_callee2$","decl":{"start":{"line":37,"column":37},"end":{"line":48,"column":56}},"loc":{"start":{"line":37,"column":37},"end":{"line":48,"column":56}},"line":37},"13":{"name":"_callee3","decl":{"start":{"line":53,"column":24},"end":{"line":66,"column":65}},"loc":{"start":{"line":53,"column":24},"end":{"line":66,"column":65}},"line":53},"14":{"name":"_callee3$","decl":{"start":{"line":53,"column":41},"end":{"line":66,"column":65}},"loc":{"start":{"line":53,"column":41},"end":{"line":66,"column":65}},"line":53},"15":{"name":"_callee4","decl":{"start":{"line":71,"column":26},"end":{"line":86,"column":57}},"loc":{"start":{"line":71,"column":26},"end":{"line":86,"column":57}},"line":71},"16":{"name":"_callee4$","decl":{"start":{"line":71,"column":42},"end":{"line":86,"column":57}},"loc":{"start":{"line":71,"column":42},"end":{"line":86,"column":57}},"line":71},"17":{"name":"_callee5","decl":{"start":{"line":90,"column":22},"end":{"line":104,"column":57}},"loc":{"start":{"line":90,"column":22},"end":{"line":104,"column":57}},"line":90},"18":{"name":"_callee5$","decl":{"start":{"line":90,"column":38},"end":{"line":104,"column":57}},"loc":{"start":{"line":90,"column":38},"end":{"line":104,"column":57}},"line":90}},"f":{"0":2,"1":2,"2":3,"3":3,"4":3,"5":14,"6":5,"7":13,"8":1,"9":1,"10":3,"11":1,"12":3,"13":2,"14":6,"15":1,"16":3,"17":2,"18":6}}
,"/home/mophat/Downloads/Projects/fees-management-system/database/db.js": {"path":"/home/mophat/Downloads/Projects/fees-management-system/database/db.js","all":false,"statementMap":{"0":{"start":{"line":1,"column":0},"end":{"line":1,"column":26}},"1":{"start":{"line":2,"column":0},"end":{"line":2,"column":28}},"2":{"start":{"line":3,"column":0},"end":{"line":3,"column":16}},"3":{"start":{"line":4,"column":0},"end":{"line":4,"column":0}},"4":{"start":{"line":5,"column":0},"end":{"line":5,"column":19}},"5":{"start":{"line":6,"column":0},"end":{"line":6,"column":28}},"6":{"start":{"line":7,"column":0},"end":{"line":7,"column":31}},"7":{"start":{"line":8,"column":0},"end":{"line":8,"column":32}},"8":{"start":{"line":9,"column":0},"end":{"line":9,"column":32}},"9":{"start":{"line":10,"column":0},"end":{"line":10,"column":9}},"10":{"start":{"line":11,"column":0},"end":{"line":11,"column":12}},"11":{"start":{"line":12,"column":0},"end":{"line":12,"column":11}},"12":{"start":{"line":13,"column":0},"end":{"line":13,"column":29}},"13":{"start":{"line":14,"column":0},"end":{"line":14,"column":4}},"14":{"start":{"line":15,"column":0},"end":{"line":15,"column":12}},"15":{"start":{"line":16,"column":0},"end":{"line":16,"column":31}},"16":{"start":{"line":17,"column":0},"end":{"line":17,"column":85}},"17":{"start":{"line":18,"column":0},"end":{"line":18,"column":4}},"18":{"start":{"line":19,"column":0},"end":{"line":19,"column":2}},"19":{"start":{"line":20,"column":0},"end":{"line":20,"column":0}},"20":{"start":{"line":21,"column":0},"end":{"line":21,"column":34}},"21":{"start":{"line":22,"column":0},"end":{"line":22,"column":7}},"22":{"start":{"line":23,"column":0},"end":{"line":23,"column":48}},"23":{"start":{"line":24,"column":0},"end":{"line":24,"column":51}},"24":{"start":{"line":25,"column":0},"end":{"line":25,"column":16}},"25":{"start":{"line":26,"column":0},"end":{"line":26,"column":19}},"26":{"start":{"line":27,"column":0},"end":{"line":27,"column":23}},"27":{"start":{"line":28,"column":0},"end":{"line":28,"column":3}},"28":{"start":{"line":29,"column":0},"end":{"line":29,"column":2}},"29":{"start":{"line":30,"column":0},"end":{"line":30,"column":0}},"30":{"start":{"line":31,"column":0},"end":{"line":31,"column":23}},"31":{"start":{"line":32,"column":0},"end":{"line":32,"column":35}}},"s":{"0":1,"1":0,"2":1,"3":1,"4":1,"5":1,"6":1,"7":1,"8":1,"9":1,"10":1,"11":1,"12":1,"13":1,"14":1,"15":1,"16":1,"17":1,"18":1,"19":1,"20":1,"21":0,"22":0,"23":0,"24":0,"25":0,"26":0,"27":1,"28":1,"29":1,"30":1,"31":1},"branchMap":{"0":{"type":"branch","line":2,"loc":{"start":{"line":2,"column":0},"end":{"line":2,"column":28}},"locations":[{"start":{"line":2,"column":0},"end":{"line":2,"column":28}}]},"1":{"type":"branch","line":2,"loc":{"start":{"line":2,"column":0},"end":{"line":2,"column":28}},"locations":[{"start":{"line":2,"column":0},"end":{"line":2,"column":28}}]},"2":{"type":"branch","line":2,"loc":{"start":{"line":2,"column":0},"end":{"line":2,"column":28}},"locations":[{"start":{"line":2,"column":0},"end":{"line":2,"column":28}}]},"3":{"type":"branch","line":2,"loc":{"start":{"line":2,"column":0},"end":{"line":2,"column":28}},"locations":[{"start":{"line":2,"column":0},"end":{"line":2,"column":28}}]},"4":{"type":"branch","line":2,"loc":{"start":{"line":2,"column":0},"end":{"line":2,"column":28}},"locations":[{"start":{"line":2,"column":0},"end":{"line":2,"column":28}}]},"5":{"type":"branch","line":2,"loc":{"start":{"line":2,"column":0},"end":{"line":2,"column":28}},"locations":[{"start":{"line":2,"column":0},"end":{"line":2,"column":28}}]},"6":{"type":"branch","line":2,"loc":{"start":{"line":2,"column":0},"end":{"line":2,"column":28}},"locations":[{"start":{"line":2,"column":0},"end":{"line":2,"column":28}}]},"7":{"type":"branch","line":2,"loc":{"start":{"line":2,"column":0},"end":{"line":2,"column":28}},"locations":[{"start":{"line":2,"column":0},"end":{"line":2,"column":28}}]},"8":{"type":"branch","line":2,"loc":{"start":{"line":2,"column":0},"end":{"line":2,"column":28}},"locations":[{"start":{"line":2,"column":0},"end":{"line":2,"column":28}}]},"9":{"type":"branch","line":2,"loc":{"start":{"line":2,"column":0},"end":{"line":2,"column":28}},"locations":[{"start":{"line":2,"column":0},"end":{"line":2,"column":28}}]},"10":{"type":"branch","line":2,"loc":{"start":{"line":2,"column":0},"end":{"line":2,"column":28}},"locations":[{"start":{"line":2,"column":0},"end":{"line":2,"column":28}}]},"11":{"type":"branch","line":2,"loc":{"start":{"line":2,"column":0},"end":{"line":2,"column":28}},"locations":[{"start":{"line":2,"column":0},"end":{"line":2,"column":28}}]},"12":{"type":"branch","line":2,"loc":{"start":{"line":2,"column":0},"end":{"line":2,"column":28}},"locations":[{"start":{"line":2,"column":0},"end":{"line":2,"column":28}}]},"13":{"type":"branch","line":2,"loc":{"start":{"line":2,"column":0},"end":{"line":2,"column":28}},"locations":[{"start":{"line":2,"column":0},"end":{"line":2,"column":28}}]},"14":{"type":"branch","line":2,"loc":{"start":{"line":2,"column":0},"end":{"line":2,"column":28}},"locations":[{"start":{"line":2,"column":0},"end":{"line":2,"column":28}}]},"15":{"type":"branch","line":2,"loc":{"start":{"line":2,"column":0},"end":{"line":2,"column":28}},"locations":[{"start":{"line":2,"column":0},"end":{"line":2,"column":28}}]},"16":{"type":"branch","line":21,"loc":{"start":{"line":21,"column":18},"end":{"line":21,"column":21}},"locations":[{"start":{"line":21,"column":18},"end":{"line":21,"column":21}}]}},"b":{"0":[0],"1":[0],"2":[0],"3":[0],"4":[0],"5":[0],"6":[13],"7":[2],"8":[6],"9":[1],"10":[0],"11":[0],"12":[0],"13":[1],"14":[0],"15":[1],"16":[1]},"fnMap":{"0":{"name":"_regeneratorRuntime","decl":{"start":{"line":2,"column":0},"end":{"line":2,"column":28}},"loc":{"start":{"line":2,"column":0},"end":{"line":2,"column":28}},"line":2},"1":{"name":"defineProperty","decl":{"start":{"line":2,"column":0},"end":{"line":2,"column":28}},"loc":{"start":{"line":2,"column":0},"end":{"line":2,"column":28}},"line":2},"2":{"name":"define","decl":{"start":{"line":2,"column":0},"end":{"line":2,"column":28}},"loc":{"start":{"line":2,"column":0},"end":{"line":2,"column":28}},"line":2},"3":{"name":"define","decl":{"start":{"line":2,"column":0},"end":{"line":2,"column":28}},"loc":{"start":{"line":2,"column":0},"end":{"line":2,"column":28}},"line":2},"4":{"name":"wrap","decl":{"start":{"line":2,"column":0},"end":{"line":2,"column":28}},"loc":{"start":{"line":2,"column":0},"end":{"line":2,"column":28}},"line":2},"5":{"name":"tryCatch","decl":{"start":{"line":2,"column":0},"end":{"line":2,"column":28}},"loc":{"start":{"line":2,"column":0},"end":{"line":2,"column":28}},"line":2},"6":{"name":"Generator","decl":{"start":{"line":2,"column":0},"end":{"line":2,"column":28}},"loc":{"start":{"line":2,"column":0},"end":{"line":2,"column":28}},"line":2},"7":{"name":"GeneratorFunction","decl":{"start":{"line":2,"column":0},"end":{"line":2,"column":28}},"loc":{"start":{"line":2,"column":0},"end":{"line":2,"column":28}},"line":2},"8":{"name":"GeneratorFunctionPrototype","decl":{"start":{"line":2,"column":0},"end":{"line":2,"column":28}},"loc":{"start":{"line":2,"column":0},"end":{"line":2,"column":28}},"line":2},"9":{"name":"defineIteratorMethods","decl":{"start":{"line":2,"column":0},"end":{"line":2,"column":28}},"loc":{"start":{"line":2,"column":0},"end":{"line":2,"column":28}},"line":2},"10":{"name":"AsyncIterator","decl":{"start":{"line":2,"column":0},"end":{"line":2,"column":28}},"loc":{"start":{"line":2,"column":0},"end":{"line":2,"column":28}},"line":2},"11":{"name":"makeInvokeMethod","decl":{"start":{"line":2,"column":0},"end":{"line":2,"column":28}},"loc":{"start":{"line":2,"column":0},"end":{"line":2,"column":28}},"line":2},"12":{"name":"maybeInvokeDelegate","decl":{"start":{"line":2,"column":0},"end":{"line":2,"column":28}},"loc":{"start":{"line":2,"column":0},"end":{"line":2,"column":28}},"line":2},"13":{"name":"pushTryEntry","decl":{"start":{"line":2,"column":0},"end":{"line":2,"column":28}},"loc":{"start":{"line":2,"column":0},"end":{"line":2,"column":28}},"line":2},"14":{"name":"resetTryEntry","decl":{"start":{"line":2,"column":0},"end":{"line":2,"column":28}},"loc":{"start":{"line":2,"column":0},"end":{"line":2,"column":28}},"line":2},"15":{"name":"Context","decl":{"start":{"line":2,"column":0},"end":{"line":2,"column":28}},"loc":{"start":{"line":2,"column":0},"end":{"line":2,"column":28}},"line":2},"16":{"name":"values","decl":{"start":{"line":2,"column":0},"end":{"line":2,"column":28}},"loc":{"start":{"line":2,"column":0},"end":{"line":2,"column":28}},"line":2},"17":{"name":"next","decl":{"start":{"line":2,"column":0},"end":{"line":2,"column":28}},"loc":{"start":{"line":2,"column":0},"end":{"line":2,"column":28}},"line":2},"18":{"name":"exports.isGeneratorFunction","decl":{"start":{"line":2,"column":0},"end":{"line":2,"column":28}},"loc":{"start":{"line":2,"column":0},"end":{"line":2,"column":28}},"line":2},"19":{"name":"exports.mark","decl":{"start":{"line":2,"column":0},"end":{"line":2,"column":28}},"loc":{"start":{"line":2,"column":0},"end":{"line":2,"column":28}},"line":2},"20":{"name":"exports.awrap","decl":{"start":{"line":2,"column":0},"end":{"line":2,"column":28}},"loc":{"start":{"line":2,"column":0},"end":{"line":2,"column":28}},"line":2},"21":{"name":"exports.async","decl":{"start":{"line":2,"column":0},"end":{"line":2,"column":28}},"loc":{"start":{"line":2,"column":0},"end":{"line":2,"column":28}},"line":2},"22":{"name":"exports.keys","decl":{"start":{"line":2,"column":0},"end":{"line":2,"column":28}},"loc":{"start":{"line":2,"column":0},"end":{"line":2,"column":28}},"line":2},"23":{"name":"reset","decl":{"start":{"line":2,"column":0},"end":{"line":2,"column":28}},"loc":{"start":{"line":2,"column":0},"end":{"line":2,"column":28}},"line":2},"24":{"name":"stop","decl":{"start":{"line":2,"column":0},"end":{"line":2,"column":28}},"loc":{"start":{"line":2,"column":0},"end":{"line":2,"column":28}},"line":2},"25":{"name":"dispatchException","decl":{"start":{"line":2,"column":0},"end":{"line":2,"column":28}},"loc":{"start":{"line":2,"column":0},"end":{"line":2,"column":28}},"line":2},"26":{"name":"abrupt","decl":{"start":{"line":2,"column":0},"end":{"line":2,"column":28}},"loc":{"start":{"line":2,"column":0},"end":{"line":2,"column":28}},"line":2},"27":{"name":"complete","decl":{"start":{"line":2,"column":0},"end":{"line":2,"column":28}},"loc":{"start":{"line":2,"column":0},"end":{"line":2,"column":28}},"line":2},"28":{"name":"finish","decl":{"start":{"line":2,"column":0},"end":{"line":2,"column":28}},"loc":{"start":{"line":2,"column":0},"end":{"line":2,"column":28}},"line":2},"29":{"name":"_catch","decl":{"start":{"line":2,"column":0},"end":{"line":2,"column":28}},"loc":{"start":{"line":2,"column":0},"end":{"line":2,"column":28}},"line":2},"30":{"name":"delegateYield","decl":{"start":{"line":2,"column":0},"end":{"line":2,"column":28}},"loc":{"start":{"line":2,"column":0},"end":{"line":2,"column":28}},"line":2},"31":{"name":"asyncGeneratorStep","decl":{"start":{"line":2,"column":0},"end":{"line":2,"column":28}},"loc":{"start":{"line":2,"column":0},"end":{"line":2,"column":28}},"line":2},"32":{"name":"_asyncToGenerator","decl":{"start":{"line":2,"column":0},"end":{"line":2,"column":28}},"loc":{"start":{"line":2,"column":0},"end":{"line":2,"column":28}},"line":2},"33":{"name":"_callee","decl":{"start":{"line":21,"column":21},"end":{"line":27,"column":23}},"loc":{"start":{"line":21,"column":21},"end":{"line":27,"column":23}},"line":21}},"f":{"0":0,"1":0,"2":13,"3":0,"4":0,"5":0,"6":0,"7":0,"8":0,"9":2,"10":0,"11":0,"12":0,"13":0,"14":0,"15":0,"16":1,"17":0,"18":0,"19":1,"20":0,"21":0,"22":0,"23":0,"24":0,"25":0,"26":0,"27":0,"28":0,"29":0,"30":0,"31":0,"32":1,"33":0}}
,"/home/mophat/Downloads/Projects/fees-management-system/database/dbHelper.js": {"path":"/home/mophat/Downloads/Projects/fees-management-system/database/dbHelper.js","all":false,"statementMap":{"0":{"start":{"line":1,"column":0},"end":{"line":1,"column":35}},"1":{"start":{"line":2,"column":0},"end":{"line":2,"column":25}},"2":{"start":{"line":3,"column":0},"end":{"line":3,"column":1}},"3":{"start":{"line":4,"column":0},"end":{"line":4,"column":0}},"4":{"start":{"line":5,"column":0},"end":{"line":5,"column":0}},"5":{"start":{"line":6,"column":0},"end":{"line":6,"column":10}},"6":{"start":{"line":7,"column":0},"end":{"line":7,"column":0}},"7":{"start":{"line":8,"column":0},"end":{"line":8,"column":61}},"8":{"start":{"line":9,"column":0},"end":{"line":9,"column":0}},"9":{"start":{"line":10,"column":0},"end":{"line":10,"column":68}},"10":{"start":{"line":11,"column":0},"end":{"line":11,"column":0}},"11":{"start":{"line":12,"column":0},"end":{"line":12,"column":27}},"12":{"start":{"line":13,"column":0},"end":{"line":13,"column":37}},"13":{"start":{"line":14,"column":0},"end":{"line":14,"column":5}},"14":{"start":{"line":15,"column":0},"end":{"line":15,"column":55}},"15":{"start":{"line":16,"column":0},"end":{"line":16,"column":0}},"16":{"start":{"line":17,"column":0},"end":{"line":17,"column":17}},"17":{"start":{"line":18,"column":0},"end":{"line":18,"column":0}},"18":{"start":{"line":19,"column":0},"end":{"line":19,"column":1}},"19":{"start":{"line":20,"column":0},"end":{"line":20,"column":0}},"20":{"start":{"line":21,"column":0},"end":{"line":21,"column":1}},"21":{"start":{"line":22,"column":0},"end":{"line":22,"column":0}},"22":{"start":{"line":23,"column":0},"end":{"line":23,"column":17}}},"s":{"0":1,"1":0,"2":1,"3":1,"4":1,"5":1,"6":1,"7":1,"8":7,"9":34,"10":7,"11":7,"12":10,"13":10,"14":7,"15":6,"16":6,"17":1,"18":1,"19":1,"20":1,"21":1,"22":1},"branchMap":{"0":{"type":"branch","line":2,"loc":{"start":{"line":2,"column":0},"end":{"line":2,"column":25}},"locations":[{"start":{"line":2,"column":0},"end":{"line":2,"column":25}}]},"1":{"type":"branch","line":2,"loc":{"start":{"line":2,"column":0},"end":{"line":2,"column":25}},"locations":[{"start":{"line":2,"column":0},"end":{"line":2,"column":25}}]},"2":{"type":"branch","line":2,"loc":{"start":{"line":2,"column":0},"end":{"line":2,"column":25}},"locations":[{"start":{"line":2,"column":0},"end":{"line":2,"column":25}}]},"3":{"type":"branch","line":2,"loc":{"start":{"line":2,"column":0},"end":{"line":2,"column":25}},"locations":[{"start":{"line":2,"column":0},"end":{"line":2,"column":25}}]},"4":{"type":"branch","line":2,"loc":{"start":{"line":2,"column":0},"end":{"line":2,"column":25}},"locations":[{"start":{"line":2,"column":0},"end":{"line":2,"column":25}}]},"5":{"type":"branch","line":2,"loc":{"start":{"line":2,"column":0},"end":{"line":2,"column":25}},"locations":[{"start":{"line":2,"column":0},"end":{"line":2,"column":25}}]},"6":{"type":"branch","line":2,"loc":{"start":{"line":2,"column":0},"end":{"line":2,"column":25}},"locations":[{"start":{"line":2,"column":0},"end":{"line":2,"column":25}}]},"7":{"type":"branch","line":2,"loc":{"start":{"line":2,"column":0},"end":{"line":2,"column":25}},"locations":[{"start":{"line":2,"column":0},"end":{"line":2,"column":25}}]},"8":{"type":"branch","line":2,"loc":{"start":{"line":2,"column":0},"end":{"line":2,"column":25}},"locations":[{"start":{"line":2,"column":0},"end":{"line":2,"column":25}}]},"9":{"type":"branch","line":2,"loc":{"start":{"line":2,"column":0},"end":{"line":2,"column":25}},"locations":[{"start":{"line":2,"column":0},"end":{"line":2,"column":25}}]},"10":{"type":"branch","line":2,"loc":{"start":{"line":2,"column":0},"end":{"line":2,"column":25}},"locations":[{"start":{"line":2,"column":0},"end":{"line":2,"column":25}}]},"11":{"type":"branch","line":2,"loc":{"start":{"line":2,"column":0},"end":{"line":2,"column":25}},"locations":[{"start":{"line":2,"column":0},"end":{"line":2,"column":25}}]},"12":{"type":"branch","line":2,"loc":{"start":{"line":2,"column":0},"end":{"line":2,"column":25}},"locations":[{"start":{"line":2,"column":0},"end":{"line":2,"column":25}}]},"13":{"type":"branch","line":2,"loc":{"start":{"line":2,"column":0},"end":{"line":2,"column":25}},"locations":[{"start":{"line":2,"column":0},"end":{"line":2,"column":25}}]},"14":{"type":"branch","line":2,"loc":{"start":{"line":2,"column":0},"end":{"line":2,"column":25}},"locations":[{"start":{"line":2,"column":0},"end":{"line":2,"column":25}}]},"15":{"type":"branch","line":2,"loc":{"start":{"line":2,"column":0},"end":{"line":2,"column":25}},"locations":[{"start":{"line":2,"column":0},"end":{"line":2,"column":25}}]},"16":{"type":"branch","line":2,"loc":{"start":{"line":2,"column":0},"end":{"line":2,"column":25}},"locations":[{"start":{"line":2,"column":0},"end":{"line":2,"column":25}}]},"17":{"type":"branch","line":2,"loc":{"start":{"line":2,"column":0},"end":{"line":2,"column":25}},"locations":[{"start":{"line":2,"column":0},"end":{"line":2,"column":25}}]},"18":{"type":"branch","line":2,"loc":{"start":{"line":2,"column":0},"end":{"line":2,"column":25}},"locations":[{"start":{"line":2,"column":0},"end":{"line":2,"column":25}}]},"19":{"type":"branch","line":2,"loc":{"start":{"line":2,"column":0},"end":{"line":2,"column":25}},"locations":[{"start":{"line":2,"column":0},"end":{"line":2,"column":25}}]},"20":{"type":"branch","line":2,"loc":{"start":{"line":2,"column":0},"end":{"line":2,"column":25}},"locations":[{"start":{"line":2,"column":0},"end":{"line":2,"column":25}}]},"21":{"type":"branch","line":2,"loc":{"start":{"line":2,"column":0},"end":{"line":2,"column":25}},"locations":[{"start":{"line":2,"column":0},"end":{"line":2,"column":25}}]},"22":{"type":"branch","line":2,"loc":{"start":{"line":2,"column":0},"end":{"line":2,"column":25}},"locations":[{"start":{"line":2,"column":0},"end":{"line":2,"column":25}}]},"23":{"type":"branch","line":2,"loc":{"start":{"line":2,"column":0},"end":{"line":2,"column":25}},"locations":[{"start":{"line":2,"column":0},"end":{"line":2,"column":25}}]},"24":{"type":"branch","line":2,"loc":{"start":{"line":2,"column":0},"end":{"line":2,"column":25}},"locations":[{"start":{"line":2,"column":0},"end":{"line":2,"column":25}}]},"25":{"type":"branch","line":2,"loc":{"start":{"line":2,"column":0},"end":{"line":2,"column":25}},"locations":[{"start":{"line":2,"column":0},"end":{"line":2,"column":25}}]},"26":{"type":"branch","line":2,"loc":{"start":{"line":2,"column":0},"end":{"line":2,"column":25}},"locations":[{"start":{"line":2,"column":0},"end":{"line":2,"column":25}}]},"27":{"type":"branch","line":2,"loc":{"start":{"line":2,"column":0},"end":{"line":2,"column":25}},"locations":[{"start":{"line":2,"column":0},"end":{"line":2,"column":25}}]},"28":{"type":"branch","line":2,"loc":{"start":{"line":2,"column":0},"end":{"line":2,"column":25}},"locations":[{"start":{"line":2,"column":0},"end":{"line":2,"column":25}}]},"29":{"type":"branch","line":2,"loc":{"start":{"line":2,"column":0},"end":{"line":2,"column":25}},"locations":[{"start":{"line":2,"column":0},"end":{"line":2,"column":25}}]},"30":{"type":"branch","line":2,"loc":{"start":{"line":2,"column":0},"end":{"line":2,"column":25}},"locations":[{"start":{"line":2,"column":0},"end":{"line":2,"column":25}}]},"31":{"type":"branch","line":2,"loc":{"start":{"line":2,"column":0},"end":{"line":2,"column":25}},"locations":[{"start":{"line":2,"column":0},"end":{"line":2,"column":25}}]},"32":{"type":"branch","line":2,"loc":{"start":{"line":2,"column":0},"end":{"line":2,"column":25}},"locations":[{"start":{"line":2,"column":0},"end":{"line":2,"column":25}}]},"33":{"type":"branch","line":2,"loc":{"start":{"line":2,"column":0},"end":{"line":2,"column":25}},"locations":[{"start":{"line":2,"column":0},"end":{"line":2,"column":25}}]},"34":{"type":"branch","line":2,"loc":{"start":{"line":2,"column":0},"end":{"line":2,"column":25}},"locations":[{"start":{"line":2,"column":0},"end":{"line":2,"column":25}}]},"35":{"type":"branch","line":2,"loc":{"start":{"line":2,"column":0},"end":{"line":2,"column":25}},"locations":[{"start":{"line":2,"column":0},"end":{"line":2,"column":25}}]},"36":{"type":"branch","line":2,"loc":{"start":{"line":2,"column":0},"end":{"line":2,"column":25}},"locations":[{"start":{"line":2,"column":0},"end":{"line":2,"column":25}}]},"37":{"type":"branch","line":2,"loc":{"start":{"line":2,"column":0},"end":{"line":2,"column":25}},"locations":[{"start":{"line":2,"column":0},"end":{"line":2,"column":25}}]},"38":{"type":"branch","line":2,"loc":{"start":{"line":2,"column":0},"end":{"line":2,"column":25}},"locations":[{"start":{"line":2,"column":0},"end":{"line":2,"column":25}}]},"39":{"type":"branch","line":2,"loc":{"start":{"line":2,"column":0},"end":{"line":2,"column":25}},"locations":[{"start":{"line":2,"column":0},"end":{"line":2,"column":25}}]},"40":{"type":"branch","line":2,"loc":{"start":{"line":2,"column":0},"end":{"line":2,"column":25}},"locations":[{"start":{"line":2,"column":0},"end":{"line":2,"column":25}}]},"41":{"type":"branch","line":2,"loc":{"start":{"line":2,"column":0},"end":{"line":2,"column":25}},"locations":[{"start":{"line":2,"column":0},"end":{"line":2,"column":25}}]},"42":{"type":"branch","line":2,"loc":{"start":{"line":2,"column":0},"end":{"line":2,"column":25}},"locations":[{"start":{"line":2,"column":0},"end":{"line":2,"column":25}}]},"43":{"type":"branch","line":2,"loc":{"start":{"line":2,"column":0},"end":{"line":2,"column":25}},"locations":[{"start":{"line":2,"column":0},"end":{"line":2,"column":25}}]},"44":{"type":"branch","line":2,"loc":{"start":{"line":2,"column":0},"end":{"line":2,"column":25}},"locations":[{"start":{"line":2,"column":0},"end":{"line":2,"column":25}}]},"45":{"type":"branch","line":2,"loc":{"start":{"line":2,"column":0},"end":{"line":2,"column":25}},"locations":[{"start":{"line":2,"column":0},"end":{"line":2,"column":25}}]},"46":{"type":"branch","line":2,"loc":{"start":{"line":2,"column":0},"end":{"line":2,"column":25}},"locations":[{"start":{"line":2,"column":0},"end":{"line":2,"column":25}}]},"47":{"type":"branch","line":2,"loc":{"start":{"line":2,"column":0},"end":{"line":2,"column":25}},"locations":[{"start":{"line":2,"column":0},"end":{"line":2,"column":25}}]},"48":{"type":"branch","line":2,"loc":{"start":{"line":2,"column":0},"end":{"line":2,"column":25}},"locations":[{"start":{"line":2,"column":0},"end":{"line":2,"column":25}}]},"49":{"type":"branch","line":2,"loc":{"start":{"line":2,"column":0},"end":{"line":2,"column":25}},"locations":[{"start":{"line":2,"column":0},"end":{"line":2,"column":25}}]},"50":{"type":"branch","line":2,"loc":{"start":{"line":2,"column":0},"end":{"line":2,"column":25}},"locations":[{"start":{"line":2,"column":0},"end":{"line":2,"column":25}}]},"51":{"type":"branch","line":2,"loc":{"start":{"line":2,"column":0},"end":{"line":2,"column":25}},"locations":[{"start":{"line":2,"column":0},"end":{"line":2,"column":25}}]},"52":{"type":"branch","line":2,"loc":{"start":{"line":2,"column":0},"end":{"line":2,"column":25}},"locations":[{"start":{"line":2,"column":0},"end":{"line":2,"column":25}}]},"53":{"type":"branch","line":2,"loc":{"start":{"line":2,"column":0},"end":{"line":2,"column":25}},"locations":[{"start":{"line":2,"column":0},"end":{"line":2,"column":25}}]},"54":{"type":"branch","line":2,"loc":{"start":{"line":2,"column":0},"end":{"line":2,"column":25}},"locations":[{"start":{"line":2,"column":0},"end":{"line":2,"column":25}}]},"55":{"type":"branch","line":2,"loc":{"start":{"line":2,"column":0},"end":{"line":2,"column":25}},"locations":[{"start":{"line":2,"column":0},"end":{"line":2,"column":25}}]},"56":{"type":"branch","line":2,"loc":{"start":{"line":2,"column":0},"end":{"line":2,"column":25}},"locations":[{"start":{"line":2,"column":0},"end":{"line":2,"column":25}}]},"57":{"type":"branch","line":2,"loc":{"start":{"line":2,"column":0},"end":{"line":2,"column":25}},"locations":[{"start":{"line":2,"column":0},"end":{"line":2,"column":25}}]},"58":{"type":"branch","line":2,"loc":{"start":{"line":2,"column":0},"end":{"line":2,"column":25}},"locations":[{"start":{"line":2,"column":0},"end":{"line":2,"column":25}}]},"59":{"type":"branch","line":2,"loc":{"start":{"line":2,"column":0},"end":{"line":2,"column":25}},"locations":[{"start":{"line":2,"column":0},"end":{"line":2,"column":25}}]},"60":{"type":"branch","line":2,"loc":{"start":{"line":2,"column":0},"end":{"line":2,"column":25}},"locations":[{"start":{"line":2,"column":0},"end":{"line":2,"column":25}}]},"61":{"type":"branch","line":2,"loc":{"start":{"line":2,"column":0},"end":{"line":2,"column":25}},"locations":[{"start":{"line":2,"column":0},"end":{"line":2,"column":25}}]},"62":{"type":"branch","line":2,"loc":{"start":{"line":2,"column":0},"end":{"line":2,"column":25}},"locations":[{"start":{"line":2,"column":0},"end":{"line":2,"column":25}}]},"63":{"type":"branch","line":2,"loc":{"start":{"line":2,"column":0},"end":{"line":2,"column":25}},"locations":[{"start":{"line":2,"column":0},"end":{"line":2,"column":25}}]},"64":{"type":"branch","line":2,"loc":{"start":{"line":2,"column":0},"end":{"line":2,"column":25}},"locations":[{"start":{"line":2,"column":0},"end":{"line":2,"column":25}}]},"65":{"type":"branch","line":2,"loc":{"start":{"line":2,"column":0},"end":{"line":2,"column":25}},"locations":[{"start":{"line":2,"column":0},"end":{"line":2,"column":25}}]},"66":{"type":"branch","line":2,"loc":{"start":{"line":2,"column":0},"end":{"line":2,"column":25}},"locations":[{"start":{"line":2,"column":0},"end":{"line":2,"column":25}}]},"67":{"type":"branch","line":2,"loc":{"start":{"line":2,"column":0},"end":{"line":2,"column":25}},"locations":[{"start":{"line":2,"column":0},"end":{"line":2,"column":25}}]},"68":{"type":"branch","line":2,"loc":{"start":{"line":2,"column":0},"end":{"line":2,"column":25}},"locations":[{"start":{"line":2,"column":0},"end":{"line":2,"column":25}}]},"69":{"type":"branch","line":2,"loc":{"start":{"line":2,"column":0},"end":{"line":2,"column":25}},"locations":[{"start":{"line":2,"column":0},"end":{"line":2,"column":25}}]},"70":{"type":"branch","line":2,"loc":{"start":{"line":2,"column":0},"end":{"line":2,"column":25}},"locations":[{"start":{"line":2,"column":0},"end":{"line":2,"column":25}}]},"71":{"type":"branch","line":2,"loc":{"start":{"line":2,"column":0},"end":{"line":2,"column":25}},"locations":[{"start":{"line":2,"column":0},"end":{"line":2,"column":25}}]},"72":{"type":"branch","line":2,"loc":{"start":{"line":2,"column":0},"end":{"line":2,"column":25}},"locations":[{"start":{"line":2,"column":0},"end":{"line":2,"column":25}}]},"73":{"type":"branch","line":2,"loc":{"start":{"line":2,"column":0},"end":{"line":2,"column":25}},"locations":[{"start":{"line":2,"column":0},"end":{"line":2,"column":25}}]},"74":{"type":"branch","line":2,"loc":{"start":{"line":2,"column":0},"end":{"line":2,"column":25}},"locations":[{"start":{"line":2,"column":0},"end":{"line":2,"column":25}}]},"75":{"type":"branch","line":2,"loc":{"start":{"line":2,"column":0},"end":{"line":2,"column":25}},"locations":[{"start":{"line":2,"column":0},"end":{"line":2,"column":25}}]},"76":{"type":"branch","line":2,"loc":{"start":{"line":2,"column":0},"end":{"line":2,"column":25}},"locations":[{"start":{"line":2,"column":0},"end":{"line":2,"column":25}}]},"77":{"type":"branch","line":2,"loc":{"start":{"line":2,"column":0},"end":{"line":2,"column":25}},"locations":[{"start":{"line":2,"column":0},"end":{"line":2,"column":25}}]},"78":{"type":"branch","line":2,"loc":{"start":{"line":2,"column":0},"end":{"line":2,"column":25}},"locations":[{"start":{"line":2,"column":0},"end":{"line":2,"column":25}}]},"79":{"type":"branch","line":2,"loc":{"start":{"line":2,"column":0},"end":{"line":2,"column":25}},"locations":[{"start":{"line":2,"column":0},"end":{"line":2,"column":25}}]},"80":{"type":"branch","line":2,"loc":{"start":{"line":2,"column":0},"end":{"line":2,"column":25}},"locations":[{"start":{"line":2,"column":0},"end":{"line":2,"column":25}}]},"81":{"type":"branch","line":2,"loc":{"start":{"line":2,"column":0},"end":{"line":2,"column":25}},"locations":[{"start":{"line":2,"column":0},"end":{"line":2,"column":25}}]},"82":{"type":"branch","line":2,"loc":{"start":{"line":2,"column":0},"end":{"line":2,"column":25}},"locations":[{"start":{"line":2,"column":0},"end":{"line":2,"column":25}}]},"83":{"type":"branch","line":2,"loc":{"start":{"line":2,"column":0},"end":{"line":2,"column":25}},"locations":[{"start":{"line":2,"column":0},"end":{"line":2,"column":25}}]},"84":{"type":"branch","line":6,"loc":{"start":{"line":6,"column":8},"end":{"line":19,"column":1}},"locations":[{"start":{"line":6,"column":8},"end":{"line":19,"column":1}}]},"85":{"type":"branch","line":6,"loc":{"start":{"line":6,"column":8},"end":{"line":19,"column":1}},"locations":[{"start":{"line":6,"column":8},"end":{"line":19,"column":1}}]},"86":{"type":"branch","line":8,"loc":{"start":{"line":8,"column":4},"end":{"line":17,"column":17}},"locations":[{"start":{"line":8,"column":4},"end":{"line":17,"column":17}}]},"87":{"type":"branch","line":8,"loc":{"start":{"line":8,"column":49},"end":{"line":17,"column":17}},"locations":[{"start":{"line":8,"column":49},"end":{"line":17,"column":17}}]},"88":{"type":"branch","line":8,"loc":{"start":{"line":8,"column":49},"end":{"line":10,"column":59}},"locations":[{"start":{"line":8,"column":49},"end":{"line":10,"column":59}}]},"89":{"type":"branch","line":8,"loc":{"start":{"line":8,"column":56},"end":{"line":8,"column":57}},"locations":[{"start":{"line":8,"column":56},"end":{"line":8,"column":57}}]},"90":{"type":"branch","line":8,"loc":{"start":{"line":8,"column":56},"end":{"line":8,"column":57}},"locations":[{"start":{"line":8,"column":56},"end":{"line":8,"column":57}}]},"91":{"type":"branch","line":8,"loc":{"start":{"line":8,"column":56},"end":{"line":8,"column":59}},"locations":[{"start":{"line":8,"column":56},"end":{"line":8,"column":59}}]},"92":{"type":"branch","line":10,"loc":{"start":{"line":10,"column":57},"end":{"line":10,"column":68}},"locations":[{"start":{"line":10,"column":57},"end":{"line":10,"column":68}}]},"93":{"type":"branch","line":10,"loc":{"start":{"line":10,"column":66},"end":{"line":15,"column":55}},"locations":[{"start":{"line":10,"column":66},"end":{"line":15,"column":55}}]},"94":{"type":"branch","line":12,"loc":{"start":{"line":12,"column":26},"end":{"line":14,"column":5}},"locations":[{"start":{"line":12,"column":26},"end":{"line":14,"column":5}}]},"95":{"type":"branch","line":16,"loc":{"start":{"line":16,"column":-1},"end":{"line":17,"column":17}},"locations":[{"start":{"line":16,"column":-1},"end":{"line":17,"column":17}}]}},"b":{"0":[0],"1":[0],"2":[0],"3":[0],"4":[0],"5":[0],"6":[7],"7":[13],"8":[7],"9":[0],"10":[34],"11":[1],"12":[2],"13":[6],"14":[28],"15":[7],"16":[28],"17":[0],"18":[0],"19":[35],"20":[0],"21":[27],"22":[8],"23":[2],"24":[0],"25":[6],"26":[34],"27":[33],"28":[6],"29":[27],"30":[6],"31":[27],"32":[1],"33":[7],"34":[7],"35":[1],"36":[0],"37":[0],"38":[0],"39":[1],"40":[0],"41":[7],"42":[0],"43":[7],"44":[1],"45":[6],"46":[2],"47":[1],"48":[0],"49":[1],"50":[0],"51":[12],"52":[0],"53":[0],"54":[0],"55":[0],"56":[0],"57":[0],"58":[0],"59":[0],"60":[0],"61":[12],"62":[0],"63":[0],"64":[0],"65":[28],"66":[1],"67":[27],"68":[6],"69":[21],"70":[1],"71":[7],"72":[7],"73":[27],"74":[1],"75":[1],"76":[1],"77":[0],"78":[1],"79":[0],"80":[1],"81":[0],"82":[0],"83":[0],"84":[1],"85":[1],"86":[7],"87":[34],"88":[7],"89":[6],"90":[6],"91":[1],"92":[7],"93":[7],"94":[10],"95":[6]},"fnMap":{"0":{"name":"_regeneratorRuntime","decl":{"start":{"line":2,"column":0},"end":{"line":2,"column":25}},"loc":{"start":{"line":2,"column":0},"end":{"line":2,"column":25}},"line":2},"1":{"name":"defineProperty","decl":{"start":{"line":2,"column":0},"end":{"line":2,"column":25}},"loc":{"start":{"line":2,"column":0},"end":{"line":2,"column":25}},"line":2},"2":{"name":"define","decl":{"start":{"line":2,"column":0},"end":{"line":2,"column":25}},"loc":{"start":{"line":2,"column":0},"end":{"line":2,"column":25}},"line":2},"3":{"name":"define","decl":{"start":{"line":2,"column":0},"end":{"line":2,"column":25}},"loc":{"start":{"line":2,"column":0},"end":{"line":2,"column":25}},"line":2},"4":{"name":"wrap","decl":{"start":{"line":2,"column":0},"end":{"line":2,"column":25}},"loc":{"start":{"line":2,"column":0},"end":{"line":2,"column":25}},"line":2},"5":{"name":"tryCatch","decl":{"start":{"line":2,"column":0},"end":{"line":2,"column":25}},"loc":{"start":{"line":2,"column":0},"end":{"line":2,"column":25}},"line":2},"6":{"name":"Generator","decl":{"start":{"line":2,"column":0},"end":{"line":2,"column":25}},"loc":{"start":{"line":2,"column":0},"end":{"line":2,"column":25}},"line":2},"7":{"name":"GeneratorFunction","decl":{"start":{"line":2,"column":0},"end":{"line":2,"column":25}},"loc":{"start":{"line":2,"column":0},"end":{"line":2,"column":25}},"line":2},"8":{"name":"GeneratorFunctionPrototype","decl":{"start":{"line":2,"column":0},"end":{"line":2,"column":25}},"loc":{"start":{"line":2,"column":0},"end":{"line":2,"column":25}},"line":2},"9":{"name":"defineIteratorMethods","decl":{"start":{"line":2,"column":0},"end":{"line":2,"column":25}},"loc":{"start":{"line":2,"column":0},"end":{"line":2,"column":25}},"line":2},"10":{"name":"AsyncIterator","decl":{"start":{"line":2,"column":0},"end":{"line":2,"column":25}},"loc":{"start":{"line":2,"column":0},"end":{"line":2,"column":25}},"line":2},"11":{"name":"makeInvokeMethod","decl":{"start":{"line":2,"column":0},"end":{"line":2,"column":25}},"loc":{"start":{"line":2,"column":0},"end":{"line":2,"column":25}},"line":2},"12":{"name":"maybeInvokeDelegate","decl":{"start":{"line":2,"column":0},"end":{"line":2,"column":25}},"loc":{"start":{"line":2,"column":0},"end":{"line":2,"column":25}},"line":2},"13":{"name":"pushTryEntry","decl":{"start":{"line":2,"column":0},"end":{"line":2,"column":25}},"loc":{"start":{"line":2,"column":0},"end":{"line":2,"column":25}},"line":2},"14":{"name":"resetTryEntry","decl":{"start":{"line":2,"column":0},"end":{"line":2,"column":25}},"loc":{"start":{"line":2,"column":0},"end":{"line":2,"column":25}},"line":2},"15":{"name":"Context","decl":{"start":{"line":2,"column":0},"end":{"line":2,"column":25}},"loc":{"start":{"line":2,"column":0},"end":{"line":2,"column":25}},"line":2},"16":{"name":"values","decl":{"start":{"line":2,"column":0},"end":{"line":2,"column":25}},"loc":{"start":{"line":2,"column":0},"end":{"line":2,"column":25}},"line":2},"17":{"name":"next","decl":{"start":{"line":2,"column":0},"end":{"line":2,"column":25}},"loc":{"start":{"line":2,"column":0},"end":{"line":2,"column":25}},"line":2},"18":{"name":"exports.isGeneratorFunction","decl":{"start":{"line":2,"column":0},"end":{"line":2,"column":25}},"loc":{"start":{"line":2,"column":0},"end":{"line":2,"column":25}},"line":2},"19":{"name":"exports.mark","decl":{"start":{"line":2,"column":0},"end":{"line":2,"column":25}},"loc":{"start":{"line":2,"column":0},"end":{"line":2,"column":25}},"line":2},"20":{"name":"exports.awrap","decl":{"start":{"line":2,"column":0},"end":{"line":2,"column":25}},"loc":{"start":{"line":2,"column":0},"end":{"line":2,"column":25}},"line":2},"21":{"name":"exports.async","decl":{"start":{"line":2,"column":0},"end":{"line":2,"column":25}},"loc":{"start":{"line":2,"column":0},"end":{"line":2,"column":25}},"line":2},"22":{"name":"exports.keys","decl":{"start":{"line":2,"column":0},"end":{"line":2,"column":25}},"loc":{"start":{"line":2,"column":0},"end":{"line":2,"column":25}},"line":2},"23":{"name":"reset","decl":{"start":{"line":2,"column":0},"end":{"line":2,"column":25}},"loc":{"start":{"line":2,"column":0},"end":{"line":2,"column":25}},"line":2},"24":{"name":"stop","decl":{"start":{"line":2,"column":0},"end":{"line":2,"column":25}},"loc":{"start":{"line":2,"column":0},"end":{"line":2,"column":25}},"line":2},"25":{"name":"dispatchException","decl":{"start":{"line":2,"column":0},"end":{"line":2,"column":25}},"loc":{"start":{"line":2,"column":0},"end":{"line":2,"column":25}},"line":2},"26":{"name":"handle","decl":{"start":{"line":2,"column":0},"end":{"line":2,"column":25}},"loc":{"start":{"line":2,"column":0},"end":{"line":2,"column":25}},"line":2},"27":{"name":"abrupt","decl":{"start":{"line":2,"column":0},"end":{"line":2,"column":25}},"loc":{"start":{"line":2,"column":0},"end":{"line":2,"column":25}},"line":2},"28":{"name":"complete","decl":{"start":{"line":2,"column":0},"end":{"line":2,"column":25}},"loc":{"start":{"line":2,"column":0},"end":{"line":2,"column":25}},"line":2},"29":{"name":"finish","decl":{"start":{"line":2,"column":0},"end":{"line":2,"column":25}},"loc":{"start":{"line":2,"column":0},"end":{"line":2,"column":25}},"line":2},"30":{"name":"_catch","decl":{"start":{"line":2,"column":0},"end":{"line":2,"column":25}},"loc":{"start":{"line":2,"column":0},"end":{"line":2,"column":25}},"line":2},"31":{"name":"delegateYield","decl":{"start":{"line":2,"column":0},"end":{"line":2,"column":25}},"loc":{"start":{"line":2,"column":0},"end":{"line":2,"column":25}},"line":2},"32":{"name":"asyncGeneratorStep","decl":{"start":{"line":2,"column":0},"end":{"line":2,"column":25}},"loc":{"start":{"line":2,"column":0},"end":{"line":2,"column":25}},"line":2},"33":{"name":"_asyncToGenerator","decl":{"start":{"line":2,"column":0},"end":{"line":2,"column":25}},"loc":{"start":{"line":2,"column":0},"end":{"line":2,"column":25}},"line":2},"34":{"name":"_next","decl":{"start":{"line":2,"column":0},"end":{"line":2,"column":25}},"loc":{"start":{"line":2,"column":0},"end":{"line":2,"column":25}},"line":2},"35":{"name":"_throw","decl":{"start":{"line":2,"column":0},"end":{"line":2,"column":25}},"loc":{"start":{"line":2,"column":0},"end":{"line":2,"column":25}},"line":2},"36":{"name":"_classCallCheck","decl":{"start":{"line":2,"column":0},"end":{"line":2,"column":25}},"loc":{"start":{"line":2,"column":0},"end":{"line":2,"column":25}},"line":2},"37":{"name":"_defineProperties","decl":{"start":{"line":2,"column":0},"end":{"line":2,"column":25}},"loc":{"start":{"line":2,"column":0},"end":{"line":2,"column":25}},"line":2},"38":{"name":"_createClass","decl":{"start":{"line":2,"column":0},"end":{"line":2,"column":25}},"loc":{"start":{"line":2,"column":0},"end":{"line":2,"column":25}},"line":2},"39":{"name":"_toPropertyKey","decl":{"start":{"line":2,"column":0},"end":{"line":2,"column":25}},"loc":{"start":{"line":2,"column":0},"end":{"line":2,"column":25}},"line":2},"40":{"name":"_toPrimitive","decl":{"start":{"line":2,"column":0},"end":{"line":2,"column":25}},"loc":{"start":{"line":2,"column":0},"end":{"line":2,"column":25}},"line":2},"41":{"name":"DB","decl":{"start":{"line":6,"column":8},"end":{"line":6,"column":10}},"loc":{"start":{"line":6,"column":8},"end":{"line":6,"column":10}},"line":6},"42":{"name":"_callee","decl":{"start":{"line":8,"column":4},"end":{"line":17,"column":17}},"loc":{"start":{"line":8,"column":4},"end":{"line":17,"column":17}},"line":8},"43":{"name":"_callee$","decl":{"start":{"line":8,"column":49},"end":{"line":17,"column":17}},"loc":{"start":{"line":8,"column":49},"end":{"line":17,"column":17}},"line":8}},"f":{"0":7,"1":0,"2":13,"3":0,"4":7,"5":34,"6":0,"7":0,"8":0,"9":2,"10":0,"11":7,"12":0,"13":0,"14":7,"15":7,"16":1,"17":0,"18":0,"19":1,"20":0,"21":0,"22":0,"23":7,"24":7,"25":2,"26":1,"27":12,"28":12,"29":0,"30":0,"31":0,"32":28,"33":1,"34":27,"35":1,"36":0,"37":1,"38":1,"39":1,"40":1,"41":0,"42":7,"43":34}}
,"/home/mophat/Downloads/Projects/fees-management-system/routes/student.routes.js": {"path":"/home/mophat/Downloads/Projects/fees-management-system/routes/student.routes.js","all":false,"statementMap":{"0":{"start":{"line":1,"column":0},"end":{"line":1,"column":32}},"1":{"start":{"line":2,"column":0},"end":{"line":2,"column":31}},"2":{"start":{"line":3,"column":0},"end":{"line":3,"column":131}},"3":{"start":{"line":4,"column":0},"end":{"line":4,"column":0}},"4":{"start":{"line":5,"column":0},"end":{"line":5,"column":0}},"5":{"start":{"line":6,"column":0},"end":{"line":6,"column":0}},"6":{"start":{"line":7,"column":0},"end":{"line":7,"column":39}},"7":{"start":{"line":8,"column":0},"end":{"line":8,"column":38}},"8":{"start":{"line":9,"column":0},"end":{"line":9,"column":43}},"9":{"start":{"line":10,"column":0},"end":{"line":10,"column":41}},"10":{"start":{"line":11,"column":0},"end":{"line":11,"column":52}},"11":{"start":{"line":12,"column":0},"end":{"line":12,"column":0}},"12":{"start":{"line":13,"column":0},"end":{"line":13,"column":0}},"13":{"start":{"line":14,"column":0},"end":{"line":14,"column":0}},"14":{"start":{"line":15,"column":0},"end":{"line":15,"column":0}},"15":{"start":{"line":16,"column":0},"end":{"line":16,"column":29}}},"s":{"0":1,"1":1,"2":1,"3":1,"4":1,"5":1,"6":1,"7":1,"8":1,"9":1,"10":1,"11":1,"12":1,"13":1,"14":1,"15":1},"branchMap":{},"b":{},"fnMap":{},"f":{}}
}
