TN:
SF:server.js
FN:2,asyncGeneratorStep
FN:2,_asyncToGenerator
FN:12,_callee
FNF:3
FNH:1
FNDA:0,asyncGeneratorStep
FNDA:1,_asyncToGenerator
FNDA:0,_callee
DA:1,1
DA:2,0
DA:3,1
DA:4,1
DA:5,1
DA:6,1
DA:7,1
DA:8,1
DA:9,1
DA:10,1
DA:11,1
DA:12,1
DA:13,0
DA:14,0
DA:15,1
DA:16,1
DA:17,1
LF:17
LH:14
BRDA:2,0,0,1
BRDA:12,1,0,1
BRF:2
BRH:2
end_of_record
TN:
SF:controllers/student.controller.js
FN:2,ownKeys
FN:2,_objectSpread
FN:2,_defineProperty
FN:2,_toPropertyKey
FN:2,_toPrimitive
FN:2,asyncGeneratorStep
FN:2,_asyncToGenerator
FN:2,_next
FN:2,_throw
FN:9,_callee
FN:9,_callee$
FN:37,_callee2
FN:37,_callee2$
FN:53,_callee3
FN:53,_callee3$
FN:71,_callee4
FN:71,_callee4$
FN:90,_callee5
FN:90,_callee5$
FNF:19
FNH:19
FNDA:2,ownKeys
FNDA:2,_objectSpread
FNDA:3,_defineProperty
FNDA:3,_toPropertyKey
FNDA:3,_toPrimitive
FNDA:14,asyncGeneratorStep
FNDA:5,_asyncToGenerator
FNDA:13,_next
FNDA:1,_throw
FNDA:1,_callee
FNDA:3,_callee$
FNDA:1,_callee2
FNDA:3,_callee2$
FNDA:2,_callee3
FNDA:6,_callee3$
FNDA:1,_callee4
FNDA:3,_callee4$
FNDA:2,_callee5
FNDA:6,_callee5$
DA:1,1
DA:2,1
DA:3,1
DA:4,1
DA:5,1
DA:6,1
DA:7,1
DA:8,1
DA:9,1
DA:10,1
DA:11,1
DA:12,1
DA:13,1
DA:14,1
DA:15,1
DA:16,0
DA:17,1
DA:18,1
DA:19,1
DA:20,1
DA:21,1
DA:22,0
DA:23,0
DA:24,0
DA:25,0
DA:26,0
DA:27,1
DA:28,1
DA:29,1
DA:30,1
DA:31,1
DA:32,1
DA:33,1
DA:34,1
DA:35,1
DA:36,1
DA:37,1
DA:38,1
DA:39,1
DA:40,1
DA:41,1
DA:42,1
DA:43,0
DA:44,0
DA:45,0
DA:46,0
DA:47,0
DA:48,0
DA:49,1
DA:50,1
DA:51,1
DA:52,1
DA:53,1
DA:54,2
DA:55,2
DA:56,2
DA:57,2
DA:58,2
DA:59,1
DA:60,1
DA:61,1
DA:62,0
DA:63,0
DA:64,0
DA:65,0
DA:66,0
DA:67,1
DA:68,1
DA:69,1
DA:70,1
DA:71,1
DA:72,1
DA:73,1
DA:74,1
DA:75,1
DA:76,1
DA:77,1
DA:78,1
DA:79,1
DA:80,0
DA:81,0
DA:82,0
DA:83,0
DA:84,0
DA:85,0
DA:86,0
DA:87,1
DA:88,1
DA:89,1
DA:90,1
DA:91,2
DA:92,2
DA:93,2
DA:94,2
DA:95,2
DA:96,2
DA:97,1
DA:98,1
DA:99,1
DA:100,0
DA:101,0
DA:102,0
DA:103,0
DA:104,0
DA:105,1
DA:106,1
DA:107,1
DA:108,1
DA:109,1
LF:109
LH:80
BRDA:2,0,0,2
BRDA:2,1,0,2
BRDA:2,2,0,3
BRDA:2,3,0,0
BRDA:2,4,0,2
BRDA:2,5,0,1
BRDA:2,6,0,0
BRDA:2,7,0,3
BRDA:2,8,0,3
BRDA:2,9,0,0
BRDA:2,10,0,3
BRDA:2,11,0,0
BRDA:2,12,0,3
BRDA:2,13,0,0
BRDA:2,14,0,0
BRDA:2,15,0,0
BRDA:2,16,0,14
BRDA:2,17,0,0
BRDA:2,18,0,7
BRDA:2,19,0,5
BRDA:2,20,0,7
BRDA:2,21,0,7
BRDA:2,22,0,13
BRDA:2,23,0,1
BRDA:9,24,0,1
BRDA:9,25,0,1
BRDA:9,26,0,3
BRDA:9,27,0,4
BRDA:9,28,0,1
BRDA:15,29,0,0
BRDA:17,30,0,1
BRDA:22,31,0,0
BRDA:25,32,0,0
BRDA:27,33,0,1
BRDA:31,34,0,0
BRDA:31,35,0,1
BRDA:37,36,0,1
BRDA:37,37,0,1
BRDA:37,38,0,3
BRDA:37,39,0,1
BRDA:41,40,0,1
BRDA:41,41,0,0
BRDA:41,42,0,0
BRDA:43,43,0,0
BRDA:45,44,0,0
BRDA:48,45,0,0
BRDA:48,46,0,1
BRDA:53,47,0,1
BRDA:53,48,0,2
BRDA:53,49,0,6
BRDA:53,50,0,7
BRDA:53,51,0,2
BRDA:57,52,0,2
BRDA:58,53,0,1
BRDA:60,54,0,1
BRDA:62,55,0,0
BRDA:66,56,0,0
BRDA:66,57,0,2
BRDA:71,58,0,1
BRDA:71,59,0,1
BRDA:71,60,0,3
BRDA:71,61,0,1
BRDA:77,62,0,1
BRDA:78,63,0,0
BRDA:80,64,0,0
BRDA:82,65,0,0
BRDA:90,66,0,1
BRDA:90,67,0,2
BRDA:90,68,0,6
BRDA:90,69,0,7
BRDA:90,70,0,2
BRDA:96,71,0,2
BRDA:96,72,0,1
BRDA:98,73,0,1
BRDA:100,74,0,0
BRF:75
BRH:52
end_of_record
TN:
SF:database/db.js
FN:2,_regeneratorRuntime
FN:2,defineProperty
FN:2,define
FN:2,define
FN:2,wrap
FN:2,tryCatch
FN:2,Generator
FN:2,GeneratorFunction
FN:2,GeneratorFunctionPrototype
FN:2,defineIteratorMethods
FN:2,AsyncIterator
FN:2,makeInvokeMethod
FN:2,maybeInvokeDelegate
FN:2,pushTryEntry
FN:2,resetTryEntry
FN:2,Context
FN:2,values
FN:2,next
FN:2,exports.isGeneratorFunction
FN:2,exports.mark
FN:2,exports.awrap
FN:2,exports.async
FN:2,exports.keys
FN:2,reset
FN:2,stop
FN:2,dispatchException
FN:2,abrupt
FN:2,complete
FN:2,finish
FN:2,_catch
FN:2,delegateYield
FN:2,asyncGeneratorStep
FN:2,_asyncToGenerator
FN:21,_callee
FNF:34
FNH:5
FNDA:0,_regeneratorRuntime
FNDA:0,defineProperty
FNDA:13,define
FNDA:0,define
FNDA:0,wrap
FNDA:0,tryCatch
FNDA:0,Generator
FNDA:0,GeneratorFunction
FNDA:0,GeneratorFunctionPrototype
FNDA:2,defineIteratorMethods
FNDA:0,AsyncIterator
FNDA:0,makeInvokeMethod
FNDA:0,maybeInvokeDelegate
FNDA:0,pushTryEntry
FNDA:0,resetTryEntry
FNDA:0,Context
FNDA:1,values
FNDA:0,next
FNDA:0,exports.isGeneratorFunction
FNDA:1,exports.mark
FNDA:0,exports.awrap
FNDA:0,exports.async
FNDA:0,exports.keys
FNDA:0,reset
FNDA:0,stop
FNDA:0,dispatchException
FNDA:0,abrupt
FNDA:0,complete
FNDA:0,finish
FNDA:0,_catch
FNDA:0,delegateYield
FNDA:0,asyncGeneratorStep
FNDA:1,_asyncToGenerator
FNDA:0,_callee
DA:1,1
DA:2,0
DA:3,1
DA:4,1
DA:5,1
DA:6,1
DA:7,1
DA:8,1
DA:9,1
DA:10,1
DA:11,1
DA:12,1
DA:13,1
DA:14,1
DA:15,1
DA:16,1
DA:17,1
DA:18,1
DA:19,1
DA:20,1
DA:21,1
DA:22,0
DA:23,0
DA:24,0
DA:25,0
DA:26,0
DA:27,0
DA:28,1
DA:29,1
DA:30,1
DA:31,1
DA:32,1
LF:32
LH:25
BRDA:2,0,0,0
BRDA:2,1,0,0
BRDA:2,2,0,0
BRDA:2,3,0,0
BRDA:2,4,0,0
BRDA:2,5,0,0
BRDA:2,6,0,13
BRDA:2,7,0,2
BRDA:2,8,0,6
BRDA:2,9,0,1
BRDA:2,10,0,0
BRDA:2,11,0,0
BRDA:2,12,0,0
BRDA:2,13,0,1
BRDA:2,14,0,0
BRDA:2,15,0,1
BRDA:21,16,0,1
BRF:17
BRH:7
end_of_record
TN:
SF:database/dbHelper.js
FN:2,_regeneratorRuntime
FN:2,defineProperty
FN:2,define
FN:2,define
FN:2,wrap
FN:2,tryCatch
FN:2,Generator
FN:2,GeneratorFunction
FN:2,GeneratorFunctionPrototype
FN:2,defineIteratorMethods
FN:2,AsyncIterator
FN:2,makeInvokeMethod
FN:2,maybeInvokeDelegate
FN:2,pushTryEntry
FN:2,resetTryEntry
FN:2,Context
FN:2,values
FN:2,next
FN:2,exports.isGeneratorFunction
FN:2,exports.mark
FN:2,exports.awrap
FN:2,exports.async
FN:2,exports.keys
FN:2,reset
FN:2,stop
FN:2,dispatchException
FN:2,handle
FN:2,abrupt
FN:2,complete
FN:2,finish
FN:2,_catch
FN:2,delegateYield
FN:2,asyncGeneratorStep
FN:2,_asyncToGenerator
FN:2,_next
FN:2,_throw
FN:2,_classCallCheck
FN:2,_defineProperties
FN:2,_createClass
FN:2,_toPropertyKey
FN:2,_toPrimitive
FN:6,DB
FN:8,_callee
FN:8,_callee$
FNF:44
FNH:26
FNDA:7,_regeneratorRuntime
FNDA:0,defineProperty
FNDA:13,define
FNDA:0,define
FNDA:7,wrap
FNDA:34,tryCatch
FNDA:0,Generator
FNDA:0,GeneratorFunction
FNDA:0,GeneratorFunctionPrototype
FNDA:2,defineIteratorMethods
FNDA:0,AsyncIterator
FNDA:7,makeInvokeMethod
FNDA:0,maybeInvokeDelegate
FNDA:0,pushTryEntry
FNDA:7,resetTryEntry
FNDA:7,Context
FNDA:1,values
FNDA:0,next
FNDA:0,exports.isGeneratorFunction
FNDA:1,exports.mark
FNDA:0,exports.awrap
FNDA:0,exports.async
FNDA:0,exports.keys
FNDA:7,reset
FNDA:7,stop
FNDA:2,dispatchException
FNDA:1,handle
FNDA:12,abrupt
FNDA:12,complete
FNDA:0,finish
FNDA:0,_catch
FNDA:0,delegateYield
FNDA:28,asyncGeneratorStep
FNDA:1,_asyncToGenerator
FNDA:27,_next
FNDA:1,_throw
FNDA:0,_classCallCheck
FNDA:1,_defineProperties
FNDA:1,_createClass
FNDA:1,_toPropertyKey
FNDA:1,_toPrimitive
FNDA:0,DB
FNDA:7,_callee
FNDA:34,_callee$
DA:1,1
DA:2,0
DA:3,1
DA:4,1
DA:5,1
DA:6,1
DA:7,1
DA:8,1
DA:9,7
DA:10,34
DA:11,7
DA:12,7
DA:13,10
DA:14,10
DA:15,7
DA:16,6
DA:17,6
DA:18,1
DA:19,1
DA:20,1
DA:21,1
DA:22,1
DA:23,1
LF:23
LH:22
BRDA:2,0,0,0
BRDA:2,1,0,0
BRDA:2,2,0,0
BRDA:2,3,0,0
BRDA:2,4,0,0
BRDA:2,5,0,0
BRDA:2,6,0,7
BRDA:2,7,0,13
BRDA:2,8,0,7
BRDA:2,9,0,0
BRDA:2,10,0,34
BRDA:2,11,0,1
BRDA:2,12,0,2
BRDA:2,13,0,6
BRDA:2,14,0,28
BRDA:2,15,0,7
BRDA:2,16,0,28
BRDA:2,17,0,0
BRDA:2,18,0,0
BRDA:2,19,0,35
BRDA:2,20,0,0
BRDA:2,21,0,27
BRDA:2,22,0,8
BRDA:2,23,0,2
BRDA:2,24,0,0
BRDA:2,25,0,6
BRDA:2,26,0,34
BRDA:2,27,0,33
BRDA:2,28,0,6
BRDA:2,29,0,27
BRDA:2,30,0,6
BRDA:2,31,0,27
BRDA:2,32,0,1
BRDA:2,33,0,7
BRDA:2,34,0,7
BRDA:2,35,0,1
BRDA:2,36,0,0
BRDA:2,37,0,0
BRDA:2,38,0,0
BRDA:2,39,0,1
BRDA:2,40,0,0
BRDA:2,41,0,7
BRDA:2,42,0,0
BRDA:2,43,0,7
BRDA:2,44,0,1
BRDA:2,45,0,6
BRDA:2,46,0,2
BRDA:2,47,0,1
BRDA:2,48,0,0
BRDA:2,49,0,1
BRDA:2,50,0,0
BRDA:2,51,0,12
BRDA:2,52,0,0
BRDA:2,53,0,0
BRDA:2,54,0,0
BRDA:2,55,0,0
BRDA:2,56,0,0
BRDA:2,57,0,0
BRDA:2,58,0,0
BRDA:2,59,0,0
BRDA:2,60,0,0
BRDA:2,61,0,12
BRDA:2,62,0,0
BRDA:2,63,0,0
BRDA:2,64,0,0
BRDA:2,65,0,28
BRDA:2,66,0,1
BRDA:2,67,0,27
BRDA:2,68,0,6
BRDA:2,69,0,21
BRDA:2,70,0,1
BRDA:2,71,0,7
BRDA:2,72,0,7
BRDA:2,73,0,27
BRDA:2,74,0,1
BRDA:2,75,0,1
BRDA:2,76,0,1
BRDA:2,77,0,0
BRDA:2,78,0,1
BRDA:2,79,0,0
BRDA:2,80,0,1
BRDA:2,81,0,0
BRDA:2,82,0,0
BRDA:2,83,0,0
BRDA:6,84,0,1
BRDA:6,85,0,1
BRDA:8,86,0,7
BRDA:8,87,0,34
BRDA:8,88,0,7
BRDA:8,89,0,6
BRDA:8,90,0,6
BRDA:8,91,0,1
BRDA:10,92,0,7
BRDA:10,93,0,7
BRDA:12,94,0,10
BRDA:16,95,0,6
BRF:96
BRH:61
end_of_record
TN:
SF:routes/student.routes.js
FNF:0
FNH:0
DA:1,1
DA:2,1
DA:3,1
DA:4,1
DA:5,1
DA:6,1
DA:7,1
DA:8,1
DA:9,1
DA:10,1
DA:11,1
DA:12,1
DA:13,1
DA:14,1
DA:15,1
DA:16,1
LF:16
LH:16
BRF:0
BRH:0
end_of_record
